// Validating benchmarks:
// ***** BenchmarkRunner: Start   *****
// ***** Found 1 benchmark(s) in total *****
// ***** Building 1 exe(s) in Parallel: Start   *****
// start dotnet  restore /p:UseSharedCompilation=false /p:BuildInParallel=false /m:1 /p:Deterministic=true /p:Optimize=true in C:\Users\User\source\repos\travnik-backend\travnik-backend\bin\Release\net6.0\4a1adc43-1a98-4184-92fc-20f80723ff6e
// command took 2.02s and exited with 0
// start dotnet  build -c Release --no-restore /p:UseSharedCompilation=false /p:BuildInParallel=false /m:1 /p:Deterministic=true /p:Optimize=true in C:\Users\User\source\repos\travnik-backend\travnik-backend\bin\Release\net6.0\4a1adc43-1a98-4184-92fc-20f80723ff6e
// command took 14.94s and exited with 1
// start dotnet  build -c Release --no-restore --no-dependencies /p:UseSharedCompilation=false /p:BuildInParallel=false /m:1 /p:Deterministic=true /p:Optimize=true in C:\Users\User\source\repos\travnik-backend\travnik-backend\bin\Release\net6.0\4a1adc43-1a98-4184-92fc-20f80723ff6e
// command took 2.98s and exited with 1
// ***** Done, took 00:00:20 (20.26 sec)   *****
// Found 1 benchmarks:
//   AccomodationsController.GetAccomodation: DefaultJob [id=4]

Setup power plan (GUID: 8c5e7fda-e8bf-4a96-9a85-a6e23a8c635c FriendlyName: High performance)
// Build Error: Standard output: 
  
 Standard error: 
 Microsoft (R) Build Engine version 17.2.0+41abc5629 for .NET
Copyright (C) Microsoft Corporation. All rights reserved.
C:\Users\User\source\repos\travnik-backend\travnik-backend\bin\Release\net6.0\4a1adc43-1a98-4184-92fc-20f80723ff6e\4a1adc43-1a98-4184-92fc-20f80723ff6e.notcs(189,16): error CS7036: There is no argument given that corresponds to the required formal parameter 'dbContext' of 'AccomodationsController.AccomodationsController(AppDbContext)' [C:\Users\User\source\repos\travnik-backend\travnik-backend\bin\Release\net6.0\4a1adc43-1a98-4184-92fc-20f80723ff6e\BenchmarkDotNet.Autogenerated.csproj]
Build FAILED.
C:\Users\User\source\repos\travnik-backend\travnik-backend\bin\Release\net6.0\4a1adc43-1a98-4184-92fc-20f80723ff6e\4a1adc43-1a98-4184-92fc-20f80723ff6e.notcs(189,16): error CS7036: There is no argument given that corresponds to the required formal parameter 'dbContext' of 'AccomodationsController.AccomodationsController(AppDbContext)' [C:\Users\User\source\repos\travnik-backend\travnik-backend\bin\Release\net6.0\4a1adc43-1a98-4184-92fc-20f80723ff6e\BenchmarkDotNet.Autogenerated.csproj]
    0 Warning(s)
    1 Error(s)
Time Elapsed 00:00:02.60

// BenchmarkDotNet has failed to build the auto-generated boilerplate code.
// It can be found in C:\Users\User\source\repos\travnik-backend\travnik-backend\bin\Release\net6.0\4a1adc43-1a98-4184-92fc-20f80723ff6e
// Please follow the troubleshooting guide: https://benchmarkdotnet.org/articles/guides/troubleshooting.html

// ** Remained 0 (0.0%) benchmark(s) to run. Estimated finish 2022-10-19 18:54 (0h 0m from now) **
Successfully reverted power plan (GUID: 381b4222-f694-41f0-9685-ff5bb260df2e FriendlyName: Balanced)
// ***** BenchmarkRunner: Finish  *****

// * Export *
  BenchmarkDotNet.Artifacts\results\travnik_backend.Controllers.AccomodationsController-report.csv
  BenchmarkDotNet.Artifacts\results\travnik_backend.Controllers.AccomodationsController-report-github.md
  BenchmarkDotNet.Artifacts\results\travnik_backend.Controllers.AccomodationsController-report.html

// * Detailed results *
AccomodationsController.GetAccomodation: DefaultJob [id=4]
Runtime = ; GC = 
There are not any results runs

// * Summary *

BenchmarkDotNet=v0.13.2, OS=Windows 11 (10.0.22000.1098/21H2)
Intel Core i5-1035G1 CPU 1.00GHz, 1 CPU, 8 logical and 4 physical cores
.NET SDK=6.0.300
  [Host] : .NET 6.0.5 (6.0.522.21309), X64 RyuJIT AVX2  [AttachedDebugger]


|          Method | id | Mean | Error |
|---------------- |--- |-----:|------:|
| GetAccomodation |  4 |   NA |    NA |

Benchmarks with issues:
  AccomodationsController.GetAccomodation: DefaultJob [id=4]

// * Warnings *
Environment
  Summary -> Benchmark was executed with attached debugger

// * Legends *
  id    : Value of the 'id' parameter
  Mean  : Arithmetic mean of all measurements
  Error : Half of 99.9% confidence interval
  1 ns  : 1 Nanosecond (0.000000001 sec)

// ***** BenchmarkRunner: End *****
Run time: 00:00:00 (0.1 sec), executed benchmarks: 0

Global total time: 00:00:20 (20.75 sec), executed benchmarks: 0
// * Artifacts cleanup *
